  Game.cpp
  Main.cpp
D:\Library\Documents\Kuliah\Semester 6\Pemrograman Gim\Pemrograman_Gim\vs\SOS Kuy\Main.cpp(136,24): warning C4838: conversion from 'FT_Pos' to 'GLuint' requires a narrowing conversion
D:\Library\Documents\Kuliah\Semester 6\Pemrograman Gim\Pemrograman_Gim\vs\SOS Kuy\Main.cpp(431,16): warning C4244: 'initializing': conversion from 'T' to 'int', possible loss of data
          with
          [
              T=float
          ]
D:\Library\Documents\Kuliah\Semester 6\Pemrograman Gim\Pemrograman_Gim\vs\SOS Kuy\Main.cpp(432,16): warning C4244: 'initializing': conversion from 'T' to 'int', possible loss of data
          with
          [
              T=float
          ]
D:\Library\Documents\Kuliah\Semester 6\Pemrograman Gim\Pemrograman_Gim\vs\SOS Kuy\Main.cpp(433,15): warning C4244: 'initializing': conversion from 'unsigned int' to 'float', possible loss of data
D:\Library\Documents\Kuliah\Semester 6\Pemrograman Gim\Pemrograman_Gim\vs\SOS Kuy\Main.cpp(441,23): warning C4244: '=': conversion from 'int' to 'T', possible loss of data
          with
          [
              T=float
          ]
D:\Library\Documents\Kuliah\Semester 6\Pemrograman Gim\Pemrograman_Gim\vs\SOS Kuy\Main.cpp(442,23): warning C4244: '=': conversion from 'int' to 'T', possible loss of data
          with
          [
              T=float
          ]
D:\Library\Documents\Kuliah\Semester 6\Pemrograman Gim\Pemrograman_Gim\vs\SOS Kuy\Main.cpp(452,21): warning C4244: '=': conversion from 'int' to 'T', possible loss of data
          with
          [
              T=float
          ]
D:\Library\Documents\Kuliah\Semester 6\Pemrograman Gim\Pemrograman_Gim\vs\SOS Kuy\Main.cpp(453,21): warning C4244: '=': conversion from 'int' to 'T', possible loss of data
          with
          [
              T=float
          ]
D:\Library\Documents\Kuliah\Semester 6\Pemrograman Gim\Pemrograman_Gim\vs\SOS Kuy\Main.cpp(489,9): warning C4244: 'initializing': conversion from 'T' to 'int', possible loss of data
          with
          [
              T=float
          ]
D:\Library\Documents\Kuliah\Semester 6\Pemrograman Gim\Pemrograman_Gim\vs\SOS Kuy\Main.cpp(490,9): warning C4244: 'initializing': conversion from 'T' to 'int', possible loss of data
          with
          [
              T=float
          ]
D:\Library\Documents\Kuliah\Semester 6\Pemrograman Gim\Pemrograman_Gim\vs\SOS Kuy\Main.cpp(491,14): warning C4244: 'initializing': conversion from 'unsigned int' to 'float', possible loss of data
D:\Library\Documents\Kuliah\Semester 6\Pemrograman Gim\Pemrograman_Gim\vs\SOS Kuy\Main.cpp(496,17): warning C4244: 'initializing': conversion from 'T' to 'int', possible loss of data
          with
          [
              T=float
          ]
D:\Library\Documents\Kuliah\Semester 6\Pemrograman Gim\Pemrograman_Gim\vs\SOS Kuy\Main.cpp(497,17): warning C4244: 'initializing': conversion from 'T' to 'int', possible loss of data
          with
          [
              T=float
          ]
D:\Library\Documents\Kuliah\Semester 6\Pemrograman Gim\Pemrograman_Gim\vs\SOS Kuy\Main.cpp(536,16): warning C4244: 'initializing': conversion from 'unsigned int' to 'float', possible loss of data
D:\Library\Documents\Kuliah\Semester 6\Pemrograman Gim\Pemrograman_Gim\vs\SOS Kuy\Main.cpp(537,15): warning C4244: 'initializing': conversion from 'unsigned int' to 'float', possible loss of data
D:\Library\Documents\Kuliah\Semester 6\Pemrograman Gim\Pemrograman_Gim\vs\SOS Kuy\Main.cpp(569,9): warning C4244: 'initializing': conversion from 'T' to 'int', possible loss of data
          with
          [
              T=float
          ]
D:\Library\Documents\Kuliah\Semester 6\Pemrograman Gim\Pemrograman_Gim\vs\SOS Kuy\Main.cpp(570,9): warning C4244: 'initializing': conversion from 'T' to 'int', possible loss of data
          with
          [
              T=float
          ]
D:\Library\Documents\Kuliah\Semester 6\Pemrograman Gim\Pemrograman_Gim\vs\SOS Kuy\Main.cpp(604,8): warning C4244: 'initializing': conversion from 'T' to 'int', possible loss of data
          with
          [
              T=float
          ]
D:\Library\Documents\Kuliah\Semester 6\Pemrograman Gim\Pemrograman_Gim\vs\SOS Kuy\Main.cpp(605,8): warning C4244: 'initializing': conversion from 'T' to 'int', possible loss of data
          with
          [
              T=float
          ]
  Sound.cpp
  Generating Code...
SOIL.lib(image_DXT.obj) : warning LNK4099: PDB 'vc110.pdb' was not found with 'SOIL.lib(image_DXT.obj)' or at 'D:\Library\Documents\Kuliah\Semester 6\Pemrograman Gim\Pemrograman_Gim\vs\Debug\vc110.pdb'; linking object as if no debug info
SOIL.lib(image_helper.obj) : warning LNK4099: PDB 'vc110.pdb' was not found with 'SOIL.lib(image_helper.obj)' or at 'D:\Library\Documents\Kuliah\Semester 6\Pemrograman Gim\Pemrograman_Gim\vs\Debug\vc110.pdb'; linking object as if no debug info
SOIL.lib(SOIL.obj) : warning LNK4099: PDB 'vc110.pdb' was not found with 'SOIL.lib(SOIL.obj)' or at 'D:\Library\Documents\Kuliah\Semester 6\Pemrograman Gim\Pemrograman_Gim\vs\Debug\vc110.pdb'; linking object as if no debug info
SOIL.lib(stb_image_aug.obj) : warning LNK4099: PDB 'vc110.pdb' was not found with 'SOIL.lib(stb_image_aug.obj)' or at 'D:\Library\Documents\Kuliah\Semester 6\Pemrograman Gim\Pemrograman_Gim\vs\Debug\vc110.pdb'; linking object as if no debug info
  SOS Kuy.vcxproj -> D:\Library\Documents\Kuliah\Semester 6\Pemrograman Gim\Pemrograman_Gim\vs\Debug\SOS Kuy.exe
